<?xml version="1.0" encoding="UTF-8"?>
<!-- Generated by org.testng.reporters.JUnitReportReporter -->
<testsuite hostname="Manu" failures="0" tests="1" name="Getr.test.SearchUser" time="63.069" errors="0" timestamp="2024-03-11T11:54:22 IST" skipped="0">
  <testcase classname="Getr.test.SearchUser" name="SearchUser" time="63.069"/>
</testsuite> <!-- Getr.test.SearchUser -->
