<?xml version="1.0" encoding="UTF-8"?>
<!-- Generated by org.testng.reporters.JUnitReportReporter -->
<testsuite hostname="Manu" failures="0" tests="1" name="Getr.test.Logout" time="62.637" errors="0" timestamp="2024-03-11T11:54:22 IST" skipped="0">
  <testcase classname="Getr.test.Logout" name="Logout" time="62.637"/>
</testsuite> <!-- Getr.test.Logout -->
